{"level":"warn","message":"Create user aborted: Username already in use","timestamp":"2024-12-10T10:38:13.450Z"}
{"level":"info","message":"Successful Login","timestamp":"2024-12-10T10:39:42.301Z"}
{"level":"error","message":"Server error, Cannot Retreive list of Incomes","timestamp":"2024-12-10T10:39:42.386Z"}
{"level":"error","message":"Server Error, Cannot retrieve list of Expense","timestamp":"2024-12-10T10:39:42.393Z"}
{"level":"error","message":"Server error, Cannot Retreive list of Incomes","timestamp":"2024-12-10T10:39:42.404Z"}
{"level":"error","message":"Server Error, Cannot retrieve list of Expense","timestamp":"2024-12-10T10:39:42.410Z"}
{"level":"info","message":"User info fetched successfully","timestamp":"2024-12-10T10:39:42.448Z"}
{"level":"error","message":"Server error, Cannot Retreive list of Incomes","timestamp":"2024-12-10T10:40:09.110Z"}
{"level":"error","message":"Server error, Cannot Retreive list of Incomes","timestamp":"2024-12-10T10:40:09.115Z"}
{"level":"info","message":"User info fetched successfully","timestamp":"2024-12-10T10:40:09.143Z"}
{"level":"info","message":"Income Successfully Added","timestamp":"2024-12-10T10:40:30.085Z"}
{"level":"info","message":"Successfully retrieved list of Incomes","timestamp":"2024-12-10T10:40:30.102Z"}
{"level":"info","message":"User info fetched successfully","timestamp":"2024-12-10T10:40:46.555Z"}
{"level":"error","message":"Server Error, Cannot retrieve list of Expense","timestamp":"2024-12-10T10:40:51.744Z"}
{"level":"error","message":"Server Error, Cannot retrieve list of Expense","timestamp":"2024-12-10T10:40:51.750Z"}
{"level":"info","message":"User info fetched successfully","timestamp":"2024-12-10T10:40:51.776Z"}
{"level":"info","message":"Expense Successfully added","timestamp":"2024-12-10T10:41:12.016Z"}
{"level":"info","message":"Successfully retrieved list of Expenses","timestamp":"2024-12-10T10:41:12.032Z"}
{"level":"info","message":"Successfully retrieved list of Incomes","timestamp":"2024-12-10T10:41:15.845Z"}
{"level":"info","message":"Successfully retrieved list of Incomes","timestamp":"2024-12-10T10:41:15.855Z"}
{"level":"info","message":"User info fetched successfully","timestamp":"2024-12-10T10:41:15.877Z"}
{"level":"info","message":"Income Successfully Added","timestamp":"2024-12-10T10:41:48.956Z"}
{"level":"info","message":"Successfully retrieved list of Incomes","timestamp":"2024-12-10T10:41:48.969Z"}
{"level":"info","message":"Successfully retrieved list of Expenses","timestamp":"2024-12-10T10:41:51.977Z"}
{"level":"info","message":"Successfully retrieved list of Expenses","timestamp":"2024-12-10T10:41:51.990Z"}
{"level":"info","message":"User info fetched successfully","timestamp":"2024-12-10T10:41:52.007Z"}
{"level":"info","message":"Expense Successfully added","timestamp":"2024-12-10T10:42:14.721Z"}
{"level":"info","message":"Successfully retrieved list of Expenses","timestamp":"2024-12-10T10:42:14.739Z"}
{"level":"info","message":"Successfully retrieved list of Incomes","timestamp":"2024-12-10T10:42:22.670Z"}
{"level":"info","message":"Successfully retrieved list of Expenses","timestamp":"2024-12-10T10:42:22.675Z"}
{"level":"info","message":"Successfully retrieved list of Incomes","timestamp":"2024-12-10T10:42:22.693Z"}
{"level":"info","message":"Successfully retrieved list of Expenses","timestamp":"2024-12-10T10:42:22.696Z"}
{"level":"info","message":"User info fetched successfully","timestamp":"2024-12-10T10:42:22.727Z"}
{"level":"info","message":"User info fetched successfully","timestamp":"2024-12-10T10:42:25.413Z"}
{"level":"info","message":"Successfully retrieved list of Incomes","timestamp":"2024-12-10T10:42:27.126Z"}
{"level":"info","message":"Successfully retrieved list of Incomes","timestamp":"2024-12-10T10:42:27.136Z"}
{"level":"info","message":"User info fetched successfully","timestamp":"2024-12-10T10:42:27.153Z"}
{"level":"info","message":"Income Successfully Added","timestamp":"2024-12-10T10:42:50.619Z"}
{"level":"info","message":"Successfully retrieved list of Incomes","timestamp":"2024-12-10T10:42:50.634Z"}
{"level":"info","message":"Income Successfully Added","timestamp":"2024-12-10T10:43:17.335Z"}
{"level":"info","message":"Successfully retrieved list of Incomes","timestamp":"2024-12-10T10:43:17.350Z"}
{"level":"info","message":"Successfully retrieved list of Expenses","timestamp":"2024-12-10T10:43:19.133Z"}
{"level":"info","message":"Successfully retrieved list of Expenses","timestamp":"2024-12-10T10:43:19.142Z"}
{"level":"info","message":"User info fetched successfully","timestamp":"2024-12-10T10:43:19.161Z"}
{"level":"info","message":"Expense Successfully added","timestamp":"2024-12-10T10:43:45.474Z"}
{"level":"info","message":"Successfully retrieved list of Expenses","timestamp":"2024-12-10T10:43:45.489Z"}
{"level":"info","message":"Expense Successfully added","timestamp":"2024-12-10T10:44:10.636Z"}
{"level":"info","message":"Successfully retrieved list of Expenses","timestamp":"2024-12-10T10:44:10.651Z"}
{"level":"info","message":"User info fetched successfully","timestamp":"2024-12-10T10:44:12.675Z"}
{"level":"info","message":"Successfully retrieved list of Incomes","timestamp":"2024-12-10T10:44:16.577Z"}
{"level":"info","message":"Successfully retrieved list of Expenses","timestamp":"2024-12-10T10:44:16.584Z"}
{"level":"info","message":"Successfully retrieved list of Incomes","timestamp":"2024-12-10T10:44:16.599Z"}
{"level":"info","message":"Successfully retrieved list of Expenses","timestamp":"2024-12-10T10:44:16.621Z"}
{"level":"info","message":"User info fetched successfully","timestamp":"2024-12-10T10:44:16.628Z"}
{"level":"info","message":"Successfully retrieved list of Incomes","timestamp":"2024-12-10T10:45:44.546Z"}
{"level":"info","message":"Successfully retrieved list of Incomes","timestamp":"2024-12-10T10:45:44.557Z"}
{"level":"info","message":"User info fetched successfully","timestamp":"2024-12-10T10:45:44.578Z"}
{"level":"info","message":"Income Deleted Successfully","timestamp":"2024-12-10T10:45:48.168Z"}
{"level":"info","message":"Successfully retrieved list of Incomes","timestamp":"2024-12-10T10:45:48.179Z"}
{"level":"info","message":"Successfully retrieved list of Expenses","timestamp":"2024-12-10T10:45:55.743Z"}
{"level":"info","message":"Successfully retrieved list of Expenses","timestamp":"2024-12-10T10:45:55.752Z"}
{"level":"info","message":"User info fetched successfully","timestamp":"2024-12-10T10:45:55.773Z"}
{"level":"info","message":"Expense Deleted Successfully","timestamp":"2024-12-10T10:45:58.754Z"}
{"level":"info","message":"Successfully retrieved list of Expenses","timestamp":"2024-12-10T10:45:58.764Z"}
{"level":"info","message":"Successfully retrieved list of Incomes","timestamp":"2024-12-10T10:46:03.208Z"}
{"level":"info","message":"Successfully retrieved list of Expenses","timestamp":"2024-12-10T10:46:03.212Z"}
{"level":"info","message":"Successfully retrieved list of Incomes","timestamp":"2024-12-10T10:46:03.226Z"}
{"level":"info","message":"Successfully retrieved list of Expenses","timestamp":"2024-12-10T10:46:03.229Z"}
{"level":"info","message":"User info fetched successfully","timestamp":"2024-12-10T10:46:03.246Z"}
{"level":"info","message":"User Information Updated","timestamp":"2024-12-10T10:46:43.920Z"}
{"level":"error","message":"Username doesn't exist","timestamp":"2024-12-10T10:46:57.684Z"}
{"level":"error","message":"Username doesn't exist","timestamp":"2024-12-10T10:47:03.686Z"}
{"level":"error","message":"Username doesn't exist","timestamp":"2024-12-10T10:47:12.069Z"}
{"level":"error","message":"Username doesn't exist","timestamp":"2024-12-10T10:47:16.372Z"}
{"level":"info","message":"User created successfully","timestamp":"2024-12-10T10:48:31.712Z"}
{"level":"warn","message":"Create user aborted: Username already in use","timestamp":"2024-12-10T10:48:35.704Z"}
{"level":"info","message":"Successful Login","timestamp":"2024-12-10T10:48:50.733Z"}
{"level":"info","message":"Successfully retrieved list of Incomes","timestamp":"2024-12-10T10:48:50.810Z"}
{"level":"info","message":"Successfully retrieved list of Expenses","timestamp":"2024-12-10T10:48:50.811Z"}
{"level":"info","message":"Successfully retrieved list of Incomes","timestamp":"2024-12-10T10:48:50.831Z"}
{"level":"info","message":"Successfully retrieved list of Expenses","timestamp":"2024-12-10T10:48:50.835Z"}
{"level":"info","message":"User info fetched successfully","timestamp":"2024-12-10T10:48:50.857Z"}
{"level":"info","message":"Successfully retrieved list of Incomes","timestamp":"2024-12-10T10:48:55.601Z"}
{"level":"info","message":"Successfully retrieved list of Incomes","timestamp":"2024-12-10T10:48:55.609Z"}
{"level":"info","message":"User info fetched successfully","timestamp":"2024-12-10T10:48:55.633Z"}
{"level":"info","message":"Income Successfully Added","timestamp":"2024-12-10T10:49:22.766Z"}
{"level":"info","message":"Successfully retrieved list of Incomes","timestamp":"2024-12-10T10:49:22.778Z"}
{"level":"info","message":"Successfully retrieved list of Expenses","timestamp":"2024-12-10T10:49:26.439Z"}
{"level":"info","message":"Successfully retrieved list of Expenses","timestamp":"2024-12-10T10:49:26.451Z"}
{"level":"info","message":"User info fetched successfully","timestamp":"2024-12-10T10:49:26.462Z"}
{"level":"info","message":"Expense Successfully added","timestamp":"2024-12-10T10:49:44.183Z"}
{"level":"info","message":"Successfully retrieved list of Expenses","timestamp":"2024-12-10T10:49:44.196Z"}
{"level":"info","message":"Successfully retrieved list of Incomes","timestamp":"2024-12-10T10:49:47.010Z"}
{"level":"info","message":"Successfully retrieved list of Incomes","timestamp":"2024-12-10T10:49:47.019Z"}
{"level":"info","message":"User info fetched successfully","timestamp":"2024-12-10T10:49:47.036Z"}
{"level":"warn","message":"All fields are required","timestamp":"2024-12-10T10:50:13.871Z"}
{"level":"info","message":"Successfully retrieved list of Incomes","timestamp":"2024-12-10T10:50:13.886Z"}
{"level":"warn","message":"Amount must be a positive number","timestamp":"2024-12-10T10:50:54.324Z"}
{"level":"info","message":"Successfully retrieved list of Incomes","timestamp":"2024-12-10T10:50:54.336Z"}
{"level":"warn","message":"Amount must be a positive number","timestamp":"2024-12-10T10:51:19.060Z"}
{"level":"info","message":"Successfully retrieved list of Incomes","timestamp":"2024-12-10T10:51:19.074Z"}
{"level":"info","message":"Successfully retrieved list of Expenses","timestamp":"2024-12-10T10:51:42.719Z"}
{"level":"info","message":"Successfully retrieved list of Expenses","timestamp":"2024-12-10T10:51:42.729Z"}
{"level":"info","message":"User info fetched successfully","timestamp":"2024-12-10T10:51:42.749Z"}
{"level":"info","message":"Expense Deleted Successfully","timestamp":"2024-12-10T10:51:44.861Z"}
{"level":"info","message":"Successfully retrieved list of Expenses","timestamp":"2024-12-10T10:51:44.873Z"}
{"level":"info","message":"Successfully retrieved list of Incomes","timestamp":"2024-12-10T10:51:47.237Z"}
{"level":"info","message":"Successfully retrieved list of Incomes","timestamp":"2024-12-10T10:51:47.247Z"}
{"level":"info","message":"User info fetched successfully","timestamp":"2024-12-10T10:51:47.267Z"}
{"level":"info","message":"User info fetched successfully","timestamp":"2024-12-10T10:52:23.573Z"}
{"level":"info","message":"User info fetched successfully","timestamp":"2024-12-10T10:52:28.227Z"}
{"level":"info","message":"User info fetched successfully","timestamp":"2024-12-10T10:52:39.436Z"}
{"level":"info","message":"User info fetched successfully","timestamp":"2024-12-10T10:52:42.365Z"}
{"level":"info","message":"User info fetched successfully","timestamp":"2024-12-10T10:53:00.722Z"}
{"level":"info","message":"User info fetched successfully","timestamp":"2024-12-10T10:53:04.599Z"}
{"level":"info","message":"User info fetched successfully","timestamp":"2024-12-10T10:53:05.873Z"}
{"level":"info","message":"User info fetched successfully","timestamp":"2024-12-10T10:53:08.557Z"}
{"level":"info","message":"User info fetched successfully","timestamp":"2024-12-10T10:53:23.576Z"}
{"level":"info","message":"Successfully retrieved list of Incomes","timestamp":"2024-12-10T10:53:25.142Z"}
{"level":"info","message":"Successfully retrieved list of Expenses","timestamp":"2024-12-10T10:53:25.143Z"}
{"level":"info","message":"Successfully retrieved list of Incomes","timestamp":"2024-12-10T10:53:25.163Z"}
{"level":"info","message":"Successfully retrieved list of Expenses","timestamp":"2024-12-10T10:53:25.165Z"}
{"level":"info","message":"User info fetched successfully","timestamp":"2024-12-10T10:53:25.183Z"}
{"level":"info","message":"User Information Updated","timestamp":"2024-12-10T10:53:49.970Z"}
{"level":"info","message":"Successful Login","timestamp":"2024-12-10T10:53:59.469Z"}
{"level":"info","message":"Successfully retrieved list of Incomes","timestamp":"2024-12-10T10:53:59.513Z"}
{"level":"info","message":"Successfully retrieved list of Expenses","timestamp":"2024-12-10T10:53:59.514Z"}
{"level":"info","message":"Successfully retrieved list of Incomes","timestamp":"2024-12-10T10:53:59.523Z"}
{"level":"info","message":"Successfully retrieved list of Expenses","timestamp":"2024-12-10T10:53:59.524Z"}
{"level":"info","message":"User info fetched successfully","timestamp":"2024-12-10T10:53:59.539Z"}
{"level":"warn","message":"Invalid credentials","timestamp":"2024-12-10T10:54:14.958Z"}
{"level":"warn","message":"Create user aborted: Username already in use","timestamp":"2024-12-10T10:54:30.362Z"}
{"level":"info","message":"User created successfully","timestamp":"2024-12-10T11:50:23.603Z"}
{"level":"info","message":"User created successfully","timestamp":"2024-12-10T11:50:59.004Z"}
{"level":"info","message":"Successful Login","timestamp":"2024-12-10T18:54:19.524Z"}
{"level":"error","message":"Server error, Cannot Retreive list of Incomes","timestamp":"2024-12-10T18:54:19.702Z"}
{"level":"error","message":"Server Error, Cannot retrieve list of Expense","timestamp":"2024-12-10T18:54:19.706Z"}
{"level":"error","message":"Server error, Cannot Retreive list of Incomes","timestamp":"2024-12-10T18:54:19.715Z"}
{"level":"error","message":"Server Error, Cannot retrieve list of Expense","timestamp":"2024-12-10T18:54:19.717Z"}
{"level":"info","message":"User info fetched successfully","timestamp":"2024-12-10T18:54:19.841Z"}
{"level":"info","message":"User info fetched successfully","timestamp":"2024-12-10T18:54:21.325Z"}
{"level":"error","message":"Server error, Cannot Retreive list of Incomes","timestamp":"2024-12-10T18:54:21.991Z"}
{"level":"error","message":"Server error, Cannot Retreive list of Incomes","timestamp":"2024-12-10T18:54:21.994Z"}
{"level":"info","message":"User info fetched successfully","timestamp":"2024-12-10T18:54:22.018Z"}
{"level":"info","message":"Income Successfully Added","timestamp":"2024-12-10T18:54:38.418Z"}
{"level":"info","message":"Successfully retrieved list of Incomes","timestamp":"2024-12-10T18:54:38.432Z"}
{"level":"warn","message":"Create user aborted: Username already in use","timestamp":"2024-12-10T18:55:06.794Z"}
{"level":"warn","message":"Create user aborted: Username already in use","timestamp":"2024-12-10T18:56:16.525Z"}
{"level":"warn","message":"Amount must be a positive number","timestamp":"2024-12-10T19:06:19.574Z"}
{"level":"warn","message":"Amount must be a positive number","timestamp":"2024-12-10T19:06:34.408Z"}
{"level":"warn","message":"Amount must be a positive number","timestamp":"2024-12-10T19:07:18.162Z"}
{"level":"warn","message":"Amount must be a positive number","timestamp":"2024-12-10T19:08:15.480Z"}
{"level":"warn","message":"Amount must be a positive number","timestamp":"2024-12-10T19:09:23.260Z"}
{"level":"warn","message":"Amount must be a positive number","timestamp":"2024-12-10T19:09:23.278Z"}
{"level":"info","message":"Successful Login","timestamp":"2024-12-10T19:19:27.380Z"}
{"level":"error","message":"Server error, Cannot Retreive list of Incomes","timestamp":"2024-12-10T19:19:27.540Z"}
{"level":"error","message":"Server Error, Cannot retrieve list of Expense","timestamp":"2024-12-10T19:19:27.544Z"}
{"level":"error","message":"Server error, Cannot Retreive list of Incomes","timestamp":"2024-12-10T19:19:27.559Z"}
{"level":"error","message":"Server Error, Cannot retrieve list of Expense","timestamp":"2024-12-10T19:19:27.562Z"}
{"level":"info","message":"User info fetched successfully","timestamp":"2024-12-10T19:19:27.616Z"}
{"level":"info","message":"User created successfully","timestamp":"2024-12-11T03:18:17.959Z"}
{"level":"info","message":"Successful Login","timestamp":"2024-12-11T03:18:26.414Z"}
{"level":"error","message":"Server error, Cannot Retreive list of Incomes","timestamp":"2024-12-11T03:18:26.561Z"}
{"level":"error","message":"Server Error, Cannot retrieve list of Expense","timestamp":"2024-12-11T03:18:26.565Z"}
{"level":"error","message":"Server error, Cannot Retreive list of Incomes","timestamp":"2024-12-11T03:18:26.573Z"}
{"level":"error","message":"Server Error, Cannot retrieve list of Expense","timestamp":"2024-12-11T03:18:26.575Z"}
{"level":"info","message":"User info fetched successfully","timestamp":"2024-12-11T03:18:26.692Z"}
{"level":"info","message":"User info fetched successfully","timestamp":"2024-12-11T03:18:32.952Z"}
{"level":"error","message":"Server error, Cannot Retreive list of Incomes","timestamp":"2024-12-11T03:18:37.445Z"}
{"level":"error","message":"Server Error, Cannot retrieve list of Expense","timestamp":"2024-12-11T03:18:37.446Z"}
{"level":"error","message":"Server error, Cannot Retreive list of Incomes","timestamp":"2024-12-11T03:18:37.470Z"}
{"level":"error","message":"Server Error, Cannot retrieve list of Expense","timestamp":"2024-12-11T03:18:37.472Z"}
{"level":"info","message":"User info fetched successfully","timestamp":"2024-12-11T03:18:37.557Z"}
{"level":"error","message":"Server error, Cannot Retreive list of Incomes","timestamp":"2024-12-11T03:18:56.078Z"}
{"level":"error","message":"Server Error, Cannot retrieve list of Expense","timestamp":"2024-12-11T03:18:56.080Z"}
{"level":"error","message":"Server error, Cannot Retreive list of Incomes","timestamp":"2024-12-11T03:18:56.086Z"}
{"level":"error","message":"Server Error, Cannot retrieve list of Expense","timestamp":"2024-12-11T03:18:56.087Z"}
{"level":"info","message":"User info fetched successfully","timestamp":"2024-12-11T03:18:56.098Z"}
{"level":"info","message":"Successful Login","timestamp":"2024-12-11T03:19:56.031Z"}
{"level":"error","message":"Server error, Cannot Retreive list of Incomes","timestamp":"2024-12-11T03:19:56.243Z"}
{"level":"error","message":"Server Error, Cannot retrieve list of Expense","timestamp":"2024-12-11T03:19:56.246Z"}
{"level":"error","message":"Server error, Cannot Retreive list of Incomes","timestamp":"2024-12-11T03:19:56.253Z"}
{"level":"error","message":"Server Error, Cannot retrieve list of Expense","timestamp":"2024-12-11T03:19:56.256Z"}
{"level":"info","message":"User info fetched successfully","timestamp":"2024-12-11T03:19:56.363Z"}
