{"level":"warn","message":"Create user aborted: Username already in use","timestamp":"2024-12-10T10:38:13.450Z"}
{"level":"error","message":"Server error, Cannot Retreive list of Incomes","timestamp":"2024-12-10T10:39:42.386Z"}
{"level":"error","message":"Server Error, Cannot retrieve list of Expense","timestamp":"2024-12-10T10:39:42.393Z"}
{"level":"error","message":"Server error, Cannot Retreive list of Incomes","timestamp":"2024-12-10T10:39:42.404Z"}
{"level":"error","message":"Server Error, Cannot retrieve list of Expense","timestamp":"2024-12-10T10:39:42.410Z"}
{"level":"error","message":"Server error, Cannot Retreive list of Incomes","timestamp":"2024-12-10T10:40:09.110Z"}
{"level":"error","message":"Server error, Cannot Retreive list of Incomes","timestamp":"2024-12-10T10:40:09.115Z"}
{"level":"error","message":"Server Error, Cannot retrieve list of Expense","timestamp":"2024-12-10T10:40:51.744Z"}
{"level":"error","message":"Server Error, Cannot retrieve list of Expense","timestamp":"2024-12-10T10:40:51.750Z"}
{"level":"error","message":"Username doesn't exist","timestamp":"2024-12-10T10:46:57.684Z"}
{"level":"error","message":"Username doesn't exist","timestamp":"2024-12-10T10:47:03.686Z"}
{"level":"error","message":"Username doesn't exist","timestamp":"2024-12-10T10:47:12.069Z"}
{"level":"error","message":"Username doesn't exist","timestamp":"2024-12-10T10:47:16.372Z"}
{"level":"warn","message":"Create user aborted: Username already in use","timestamp":"2024-12-10T10:48:35.704Z"}
{"level":"warn","message":"All fields are required","timestamp":"2024-12-10T10:50:13.871Z"}
{"level":"warn","message":"Amount must be a positive number","timestamp":"2024-12-10T10:50:54.324Z"}
{"level":"warn","message":"Amount must be a positive number","timestamp":"2024-12-10T10:51:19.060Z"}
{"level":"warn","message":"Invalid credentials","timestamp":"2024-12-10T10:54:14.958Z"}
{"level":"warn","message":"Create user aborted: Username already in use","timestamp":"2024-12-10T10:54:30.362Z"}
{"level":"error","message":"Server error, Cannot Retreive list of Incomes","timestamp":"2024-12-10T18:54:19.702Z"}
{"level":"error","message":"Server Error, Cannot retrieve list of Expense","timestamp":"2024-12-10T18:54:19.706Z"}
{"level":"error","message":"Server error, Cannot Retreive list of Incomes","timestamp":"2024-12-10T18:54:19.715Z"}
{"level":"error","message":"Server Error, Cannot retrieve list of Expense","timestamp":"2024-12-10T18:54:19.717Z"}
{"level":"error","message":"Server error, Cannot Retreive list of Incomes","timestamp":"2024-12-10T18:54:21.991Z"}
{"level":"error","message":"Server error, Cannot Retreive list of Incomes","timestamp":"2024-12-10T18:54:21.994Z"}
{"level":"warn","message":"Create user aborted: Username already in use","timestamp":"2024-12-10T18:55:06.794Z"}
{"level":"warn","message":"Create user aborted: Username already in use","timestamp":"2024-12-10T18:56:16.525Z"}
{"level":"warn","message":"Amount must be a positive number","timestamp":"2024-12-10T19:06:19.574Z"}
{"level":"warn","message":"Amount must be a positive number","timestamp":"2024-12-10T19:06:34.408Z"}
{"level":"warn","message":"Amount must be a positive number","timestamp":"2024-12-10T19:07:18.162Z"}
{"level":"warn","message":"Amount must be a positive number","timestamp":"2024-12-10T19:08:15.480Z"}
{"level":"warn","message":"Amount must be a positive number","timestamp":"2024-12-10T19:09:23.260Z"}
{"level":"warn","message":"Amount must be a positive number","timestamp":"2024-12-10T19:09:23.278Z"}
{"level":"error","message":"Server error, Cannot Retreive list of Incomes","timestamp":"2024-12-10T19:19:27.540Z"}
{"level":"error","message":"Server Error, Cannot retrieve list of Expense","timestamp":"2024-12-10T19:19:27.544Z"}
{"level":"error","message":"Server error, Cannot Retreive list of Incomes","timestamp":"2024-12-10T19:19:27.559Z"}
{"level":"error","message":"Server Error, Cannot retrieve list of Expense","timestamp":"2024-12-10T19:19:27.562Z"}
{"level":"error","message":"Server error, Cannot Retreive list of Incomes","timestamp":"2024-12-11T03:18:26.561Z"}
{"level":"error","message":"Server Error, Cannot retrieve list of Expense","timestamp":"2024-12-11T03:18:26.565Z"}
{"level":"error","message":"Server error, Cannot Retreive list of Incomes","timestamp":"2024-12-11T03:18:26.573Z"}
{"level":"error","message":"Server Error, Cannot retrieve list of Expense","timestamp":"2024-12-11T03:18:26.575Z"}
{"level":"error","message":"Server error, Cannot Retreive list of Incomes","timestamp":"2024-12-11T03:18:37.445Z"}
{"level":"error","message":"Server Error, Cannot retrieve list of Expense","timestamp":"2024-12-11T03:18:37.446Z"}
{"level":"error","message":"Server error, Cannot Retreive list of Incomes","timestamp":"2024-12-11T03:18:37.470Z"}
{"level":"error","message":"Server Error, Cannot retrieve list of Expense","timestamp":"2024-12-11T03:18:37.472Z"}
{"level":"error","message":"Server error, Cannot Retreive list of Incomes","timestamp":"2024-12-11T03:18:56.078Z"}
{"level":"error","message":"Server Error, Cannot retrieve list of Expense","timestamp":"2024-12-11T03:18:56.080Z"}
{"level":"error","message":"Server error, Cannot Retreive list of Incomes","timestamp":"2024-12-11T03:18:56.086Z"}
{"level":"error","message":"Server Error, Cannot retrieve list of Expense","timestamp":"2024-12-11T03:18:56.087Z"}
{"level":"error","message":"Server error, Cannot Retreive list of Incomes","timestamp":"2024-12-11T03:19:56.243Z"}
{"level":"error","message":"Server Error, Cannot retrieve list of Expense","timestamp":"2024-12-11T03:19:56.246Z"}
{"level":"error","message":"Server error, Cannot Retreive list of Incomes","timestamp":"2024-12-11T03:19:56.253Z"}
{"level":"error","message":"Server Error, Cannot retrieve list of Expense","timestamp":"2024-12-11T03:19:56.256Z"}
